<?xml version="1.0" encoding="UTF-8"?>
<testng-results skipped="0" failed="0" ignored="0" total="1" passed="1">
  <reporter-output>
  </reporter-output>
  <suite name="Default suite" duration-ms="2574" started-at="2018-08-25T05:18:19Z" finished-at="2018-08-25T05:18:21Z">
    <groups>
    </groups>
    <test name="Default test" duration-ms="2574" started-at="2018-08-25T05:18:19Z" finished-at="2018-08-25T05:18:21Z">
      <class name="restAPITesting.GetAPITest">
        <test-method status="PASS" signature="setUp()[pri:0, instance:restAPITesting.GetAPITest@20e2cbe0]" name="setUp" is-config="true" duration-ms="15" started-at="2018-08-25T05:18:19Z" finished-at="2018-08-25T05:18:19Z">
          <reporter-output>
          </reporter-output>
        </test-method> <!-- setUp -->
        <test-method status="PASS" signature="getTest()[pri:0, instance:restAPITesting.GetAPITest@20e2cbe0]" name="getTest" duration-ms="2485" started-at="2018-08-25T05:18:19Z" finished-at="2018-08-25T05:18:21Z">
          <reporter-output>
          </reporter-output>
        </test-method> <!-- getTest -->
      </class> <!-- restAPITesting.GetAPITest -->
    </test> <!-- Default test -->
  </suite> <!-- Default suite -->
</testng-results>
